Epoch 0 batch 1/20 loss: 3.9431939125061035 time: 759.9342303276062
Epoch 0 batch 2/20 loss: 1.9135923385620117 time: 761.3256814479828
Epoch 0 batch 3/20 loss: 1.8267308473587036 time: 759.8137273788452
Epoch 0 batch 4/20 loss: 1.8611465692520142 time: 769.7800993919373
Epoch 0 batch 5/20 loss: 1.7627331018447876 time: 764.7291033267975
Epoch 0 batch 6/20 loss: 1.873500108718872 time: 763.182767868042
Epoch 0 batch 7/20 loss: 1.7935967445373535 time: 768.7645819187164
Epoch 0 batch 8/20 loss: 1.8849005699157715 time: 763.7374312877655
Epoch 0 batch 9/20 loss: 1.6479713916778564 time: 763.9445159435272
Epoch 0 batch 10/20 loss: 1.8057448863983154 time: 763.4523122310638
Epoch 0 batch 11/20 loss: 1.633144736289978 time: 785.2799489498138
Epoch 0 batch 12/20 loss: 1.8735661506652832 time: 759.9497315883636
Epoch 0 batch 13/20 loss: 1.7812070846557617 time: 763.3353598117828
Epoch 0 batch 14/20 loss: 1.7163113355636597 time: 770.6324770450592
Epoch 0 batch 15/20 loss: 1.8155442476272583 time: 770.4791750907898
Epoch 0 batch 16/20 loss: 1.8506546020507812 time: 769.2145283222198
Epoch 0 batch 17/20 loss: 1.7843397855758667 time: 759.8773195743561
Epoch 0 batch 18/20 loss: 1.811417579650879 time: 763.1458964347839
Epoch 0 batch 19/20 loss: 1.8597509860992432 time: 763.9317717552185
Epoch 0 batch 20/20 loss: 1.6607917547225952 time: 764.5639297962189
Epoch 0 train loss: 1.9049919366836547, train time: 15329.400485277176
Epoch 0 checkpoint saved
Epoch 0 val loss: 2.175149917602539, train + val time: 16845.185753583908
Epoch 1 batch 1/20 loss: 1.7419228553771973 time: 770.9626145362854
Epoch 1 batch 2/20 loss: 1.7442125082015991 time: 769.088460445404
Epoch 1 batch 3/20 loss: 1.485506534576416 time: 768.8316962718964
Epoch 1 batch 4/20 loss: 1.6919752359390259 time: 768.2198286056519
Epoch 1 batch 5/20 loss: 1.576042890548706 time: 768.2028813362122
Epoch 1 batch 6/20 loss: 1.8539692163467407 time: 769.4190890789032
Epoch 1 batch 7/20 loss: 1.7412071228027344 time: 767.8666424751282
Epoch 1 batch 8/20 loss: 1.7176108360290527 time: 768.244387626648
Epoch 1 batch 9/20 loss: 1.8901581764221191 time: 766.4947364330292
Epoch 1 batch 10/20 loss: 1.740664005279541 time: 770.2771067619324
Epoch 1 batch 11/20 loss: 1.750556468963623 time: 769.1664564609528
Epoch 1 batch 12/20 loss: 1.4795897006988525 time: 766.659360408783
Epoch 1 batch 13/20 loss: 1.7383828163146973 time: 769.8642902374268
Epoch 1 batch 14/20 loss: 1.6645660400390625 time: 777.2958397865295
Epoch 1 batch 15/20 loss: 1.478129267692566 time: 768.0118749141693
Epoch 1 batch 16/20 loss: 1.824601173400879 time: 767.022910118103
Epoch 1 batch 17/20 loss: 1.5534729957580566 time: 767.4095139503479
Epoch 1 batch 18/20 loss: 1.6779985427856445 time: 768.9917318820953
Epoch 1 batch 19/20 loss: 1.7626086473464966 time: 770.5030272006989
Epoch 1 batch 20/20 loss: 1.773295283317566 time: 773.2361903190613
Epoch 1 train loss: 1.694323515892029, train time: 15413.986734867096
Epoch 2 batch 1/20 loss: 1.7390642166137695 time: 770.5254426002502
Epoch 2 batch 2/20 loss: 1.7933963537216187 time: 773.4328000545502
Epoch 2 batch 3/20 loss: 1.5552113056182861 time: 772.4737296104431
Epoch 2 batch 4/20 loss: 1.6017963886260986 time: 772.4306786060333
Epoch 2 batch 5/20 loss: 1.880074143409729 time: 774.1842525005341
Epoch 2 batch 6/20 loss: 1.7162232398986816 time: 775.7505548000336
Epoch 2 batch 7/20 loss: 1.6551411151885986 time: 770.7638461589813
Epoch 2 batch 8/20 loss: 1.7386211156845093 time: 766.290726184845
Epoch 2 batch 9/20 loss: 1.6208845376968384 time: 774.1727838516235
Epoch 2 batch 10/20 loss: 1.5884242057800293 time: 774.2284576892853
Epoch 2 batch 11/20 loss: 1.6577250957489014 time: 773.9332373142242
Epoch 2 batch 12/20 loss: 1.683101773262024 time: 770.8977708816528
Epoch 2 batch 13/20 loss: 1.6480002403259277 time: 774.179850101471
Epoch 2 batch 14/20 loss: 1.6954673528671265 time: 772.9120299816132
Epoch 2 batch 15/20 loss: 1.6788471937179565 time: 764.196946144104
Epoch 2 batch 16/20 loss: 1.4382309913635254 time: 766.2989673614502
Epoch 2 batch 17/20 loss: 1.5832208395004272 time: 775.4920856952667
Epoch 2 batch 18/20 loss: 1.8144835233688354 time: 776.2050230503082
Epoch 2 batch 19/20 loss: 1.744747281074524 time: 768.6157281398773
Epoch 2 batch 20/20 loss: 1.4964550733566284 time: 765.6668374538422
Epoch 2 train loss: 1.6664557993412017, train time: 15456.384725809097
Epoch 2 checkpoint saved
Epoch 2 val loss: 1.9038625955581665, train + val time: 16980.803448677063
Epoch 3 batch 1/20 loss: 1.5179556608200073 time: 764.9856402873993
Epoch 3 batch 2/20 loss: 1.624251365661621 time: 767.037348985672
Epoch 3 batch 3/20 loss: 1.7197059392929077 time: 763.1166410446167
Epoch 3 batch 4/20 loss: 1.9007081985473633 time: 772.2292895317078
Epoch 3 batch 5/20 loss: 1.4992420673370361 time: 769.5230057239532
Epoch 3 batch 6/20 loss: 1.4550529718399048 time: 770.3759028911591
Epoch 3 batch 7/20 loss: 1.6798605918884277 time: 767.8315162658691
Epoch 3 batch 8/20 loss: 1.5411288738250732 time: 763.2755017280579
Epoch 3 batch 9/20 loss: 1.3587182760238647 time: 764.897763967514
Epoch 3 batch 10/20 loss: 1.712497591972351 time: 764.3563170433044
Epoch 3 batch 11/20 loss: 1.704359769821167 time: 767.0002553462982
Epoch 3 batch 12/20 loss: 1.449555516242981 time: 766.4726974964142
Epoch 3 batch 13/20 loss: 1.4464665651321411 time: 765.0257461071014
Epoch 3 batch 14/20 loss: 1.5636531114578247 time: 767.6070966720581
Epoch 3 batch 15/20 loss: 1.3310368061065674 time: 763.039975643158
Epoch 3 batch 16/20 loss: 1.6680922508239746 time: 764.2888650894165
Epoch 3 batch 17/20 loss: 1.6714277267456055 time: 770.59903216362
Epoch 3 batch 18/20 loss: 1.379675030708313 time: 773.9882171154022
Epoch 3 batch 19/20 loss: 1.4362984895706177 time: 770.6820275783539
Epoch 3 batch 20/20 loss: 1.7191567420959473 time: 772.5359930992126
Epoch 3 train loss: 1.5689421772956849, train time: 15350.189449310303
Epoch 4 batch 1/20 loss: 1.544723391532898 time: 765.824720621109
Epoch 4 batch 2/20 loss: 1.8037015199661255 time: 770.2890772819519
Epoch 4 batch 3/20 loss: 1.6562788486480713 time: 768.8483603000641
Epoch 4 batch 4/20 loss: 1.6044418811798096 time: 773.7500190734863
Epoch 4 batch 5/20 loss: 1.5626355409622192 time: 771.5385463237762
Epoch 4 batch 6/20 loss: 1.486171841621399 time: 772.7538664340973
Epoch 4 batch 7/20 loss: 1.5381817817687988 time: 773.2756750583649
Epoch 4 batch 8/20 loss: 1.421464443206787 time: 771.5758230686188
Epoch 4 batch 9/20 loss: 1.6986989974975586 time: 773.1667883396149
Epoch 4 batch 10/20 loss: 1.721595048904419 time: 777.2416484355927
Epoch 4 batch 11/20 loss: 1.413422703742981 time: 770.8776009082794
Epoch 4 batch 12/20 loss: 1.4279922246932983 time: 772.1434516906738
Epoch 4 batch 13/20 loss: 1.6174598932266235 time: 769.1785597801208
Epoch 4 batch 14/20 loss: 1.4756768941879272 time: 762.7968921661377
Epoch 4 batch 15/20 loss: 1.276464581489563 time: 767.3469762802124
Epoch 4 batch 16/20 loss: 1.3208918571472168 time: 771.3415529727936
Epoch 4 batch 17/20 loss: 1.3904763460159302 time: 763.3183906078339
Epoch 4 batch 18/20 loss: 1.4733285903930664 time: 764.5061321258545
Epoch 4 batch 19/20 loss: 1.8148987293243408 time: 767.5039761066437
Epoch 4 batch 20/20 loss: 1.5988250970840454 time: 764.3509595394135
Epoch 4 train loss: 1.542366510629654, train time: 15392.685684204102
Epoch 4 checkpoint saved
Epoch 4 val loss: 1.5838093757629395, train + val time: 16896.57702589035
slurmstepd: error: *** JOB 4084296 ON nid001565 CANCELLED AT 2023-08-31T02:46:24 DUE TO TIME LIMIT ***
