Load from previous checkpoint /scratch/pawsey0419/peiyongw/QML-ImageClassification/tiny-handwritten-digits/contrastive_learning/checkpoint/checkpoints-20230830-024824/epoch-00004-checkpoint.pth
Epoch 0 batch 1/10 loss: 1.5351642370224 time: 1525.0793914794922
Epoch 0 batch 2/10 loss: 1.3271245956420898 time: 1533.3020260334015
Epoch 0 batch 3/10 loss: 1.2152725458145142 time: 1530.2033355236053
Epoch 0 batch 4/10 loss: 1.5112048387527466 time: 1525.0706770420074
Epoch 0 batch 5/10 loss: 1.587193489074707 time: 1522.104990720749
Epoch 0 batch 6/10 loss: 1.0960423946380615 time: 1527.1040811538696
Epoch 0 batch 7/10 loss: 1.6199151277542114 time: 1538.8479969501495
Epoch 0 batch 8/10 loss: 1.5215142965316772 time: 1538.574358701706
Epoch 0 batch 9/10 loss: 1.5200556516647339 time: 1527.0970015525818
Epoch 0 batch 10/10 loss: 1.6168845891952515 time: 1524.326033115387
Epoch 0 train loss: 1.4550371766090393, train time: 15292.002543449402
Epoch 0 checkpoint saved
Epoch 0 val loss: 1.4193835258483887, train + val time: 16801.767686605453
Epoch Total time: 16801.767704725266
=====================================================
Epoch 1 batch 1/10 loss: 1.5796186923980713 time: 1528.7485127449036
Epoch 1 batch 2/10 loss: 1.5182353258132935 time: 1540.4262096881866
Epoch 1 batch 3/10 loss: 1.5745962858200073 time: 1535.500020980835
Epoch 1 batch 4/10 loss: 1.363167405128479 time: 1527.7670769691467
Epoch 1 batch 5/10 loss: 1.773539423942566 time: 1547.5492630004883
Epoch 1 batch 6/10 loss: 1.4650132656097412 time: 1529.2457418441772
Epoch 1 batch 7/10 loss: 1.234078288078308 time: 1534.2755134105682
Epoch 1 batch 8/10 loss: 1.629775881767273 time: 1537.3635232448578
Epoch 1 batch 9/10 loss: 1.7205461263656616 time: 1531.8005728721619
Epoch 1 batch 10/10 loss: 1.4883548021316528 time: 1528.9357714653015
Epoch 1 train loss: 1.5346925497055053, train time: 15342.423236370087
Epoch 1 checkpoint saved
Epoch Total time: 15343.212668180466
=====================================================
Epoch 2 batch 1/10 loss: 1.4894603490829468 time: 1529.9981949329376
Epoch 2 batch 2/10 loss: 1.6454970836639404 time: 1531.6270816326141
Epoch 2 batch 3/10 loss: 1.8546067476272583 time: 1545.0203664302826
Epoch 2 batch 4/10 loss: 1.4912636280059814 time: 1537.6027858257294
Epoch 2 batch 5/10 loss: 1.286677360534668 time: 1532.9332082271576
Epoch 2 batch 6/10 loss: 1.6074092388153076 time: 1553.4950342178345
Epoch 2 batch 7/10 loss: 1.4263393878936768 time: 1538.1460897922516
Epoch 2 batch 8/10 loss: 1.5557671785354614 time: 1540.6015679836273
Epoch 2 batch 9/10 loss: 1.567122220993042 time: 1541.427067041397
Epoch 2 batch 10/10 loss: 1.7756446599960327 time: 1539.0421793460846
Epoch 2 train loss: 1.5699787855148315, train time: 15390.807954072952
Epoch 2 checkpoint saved
Epoch 2 val loss: 1.4586161375045776, train + val time: 16909.659922122955
Epoch Total time: 16909.659932374954
=====================================================
Epoch 3 batch 1/10 loss: 1.5786265134811401 time: 1538.0926065444946
Epoch 3 batch 2/10 loss: 1.5209177732467651 time: 1541.21613073349
Epoch 3 batch 3/10 loss: 1.268804907798767 time: 1536.2088465690613
Epoch 3 batch 4/10 loss: 1.5267590284347534 time: 1535.3294186592102
Epoch 3 batch 5/10 loss: 1.2168548107147217 time: 1534.5459949970245
Epoch 3 batch 6/10 loss: 1.5284435749053955 time: 1530.030327796936
Epoch 3 batch 7/10 loss: 1.5438228845596313 time: 1537.3141641616821
Epoch 3 batch 8/10 loss: 1.3089381456375122 time: 1535.546531677246
Epoch 3 batch 9/10 loss: 1.5227220058441162 time: 1532.1645200252533
Epoch 3 batch 10/10 loss: 1.5674458742141724 time: 1531.4337623119354
Epoch 3 train loss: 1.4583335518836975, train time: 15352.782305955887
Epoch 3 checkpoint saved
Epoch Total time: 15353.603938817978
=====================================================
Epoch 4 batch 1/10 loss: 1.3828445672988892 time: 1544.797959804535
Epoch 4 batch 2/10 loss: 1.3789105415344238 time: 1537.3369295597076
Epoch 4 batch 3/10 loss: 1.6373943090438843 time: 1538.206431388855
Epoch 4 batch 4/10 loss: 1.57562255859375 time: 1538.357078075409
Epoch 4 batch 5/10 loss: 1.3257511854171753 time: 1534.785769701004
Epoch 4 batch 6/10 loss: 1.5180217027664185 time: 1537.6347773075104
Epoch 4 batch 7/10 loss: 1.7136244773864746 time: 1537.533231496811
Epoch 4 batch 8/10 loss: 1.3327915668487549 time: 1549.4170970916748
Epoch 4 batch 9/10 loss: 1.4632856845855713 time: 1536.4618983268738
Epoch 4 batch 10/10 loss: 1.6063324213027954 time: 1541.7695362567902
Epoch 4 train loss: 1.4934579014778138, train time: 15397.951187849045
Epoch 4 checkpoint saved
Epoch 4 val loss: 1.5065956115722656, train + val time: 16919.572097301483
Epoch Total time: 16919.572107076645
=====================================================
slurmstepd: error: *** JOB 4154271 ON nid001238 CANCELLED AT 2023-09-01T20:55:24 DUE TO TIME LIMIT ***
