Load from previous checkpoint /scratch/pawsey0419/peiyongw/QML-ImageClassification/tiny-handwritten-digits/contrastive_learning/checkpoint/checkpoints-20230831-205751/epoch-00004-checkpoint.pth
Epoch 0 batch 1/10 loss: 1.3193553686141968 time: 1530.4774990081787
Epoch 0 batch 2/10 loss: 1.452872633934021 time: 1536.3024282455444
Epoch 0 batch 3/10 loss: 1.589425802230835 time: 1529.2197227478027
Epoch 0 batch 4/10 loss: 1.5980517864227295 time: 1529.7780303955078
Epoch 0 batch 5/10 loss: 1.2647868394851685 time: 1528.8620872497559
Epoch 0 batch 6/10 loss: 1.5303645133972168 time: 1530.5375969409943
Epoch 0 batch 7/10 loss: 1.4313348531723022 time: 1530.3065552711487
Epoch 0 batch 8/10 loss: 1.4269198179244995 time: 1532.9143285751343
Epoch 0 batch 9/10 loss: 1.3618333339691162 time: 1536.214895248413
Epoch 0 batch 10/10 loss: 1.8269517421722412 time: 1534.5766730308533
Epoch 0 train loss: 1.4801896691322327, train time: 15319.44743013382
Epoch 0 checkpoint saved
Epoch 0 val loss: 1.7566124200820923, train + val time: 16832.977206230164
Epoch Total time: 16832.977215528488
=====================================================
Epoch 1 batch 1/10 loss: 1.7398078441619873 time: 1532.1050851345062
Epoch 1 batch 2/10 loss: 1.766125202178955 time: 1537.9755640029907
Epoch 1 batch 3/10 loss: 1.6456880569458008 time: 1540.415218114853
Epoch 1 batch 4/10 loss: 1.7146226167678833 time: 1535.6890437602997
Epoch 1 batch 5/10 loss: 1.523945927619934 time: 1537.7159831523895
Epoch 1 batch 6/10 loss: 1.4141626358032227 time: 1540.4554119110107
Epoch 1 batch 7/10 loss: 1.4207884073257446 time: 1535.9537818431854
Epoch 1 batch 8/10 loss: 1.6292730569839478 time: 1539.3637428283691
Epoch 1 batch 9/10 loss: 1.3599448204040527 time: 1537.358158826828
Epoch 1 batch 10/10 loss: 1.464695930480957 time: 1537.2079238891602
Epoch 1 train loss: 1.5679054498672484, train time: 15375.025402784348
Epoch 1 checkpoint saved
Epoch Total time: 15375.855981826782
=====================================================
Epoch 2 batch 1/10 loss: 1.6665008068084717 time: 1535.4814972877502
Epoch 2 batch 2/10 loss: 1.3332213163375854 time: 1532.9208023548126
Epoch 2 batch 3/10 loss: 1.5487165451049805 time: 1540.0688409805298
Epoch 2 batch 4/10 loss: 1.436286211013794 time: 1538.9748225212097
Epoch 2 batch 5/10 loss: 1.7077913284301758 time: 1532.3025741577148
Epoch 2 batch 6/10 loss: 1.3827000856399536 time: 1537.5195889472961
Epoch 2 batch 7/10 loss: 1.6693235635757446 time: 1529.1254181861877
Epoch 2 batch 8/10 loss: 1.3447223901748657 time: 1532.754369020462
Epoch 2 batch 9/10 loss: 1.412375807762146 time: 1535.1705160140991
Epoch 2 batch 10/10 loss: 1.6779288053512573 time: 1542.596572637558
Epoch 2 train loss: 1.5179566860198974, train time: 15357.55844116211
Epoch 2 checkpoint saved
Epoch 2 val loss: 1.5667649507522583, train + val time: 16880.510862112045
Epoch Total time: 16880.510870456696
=====================================================
Epoch 3 batch 1/10 loss: 1.5001304149627686 time: 1541.0732357501984
Epoch 3 batch 2/10 loss: 1.3423337936401367 time: 1543.477166891098
Epoch 3 batch 3/10 loss: 1.5289355516433716 time: 1542.264318704605
Epoch 3 batch 4/10 loss: 1.4290908575057983 time: 1536.702508687973
Epoch 3 batch 5/10 loss: 1.6205803155899048 time: 1538.3797492980957
Epoch 3 batch 6/10 loss: 1.4235446453094482 time: 1538.9506385326385
Epoch 3 batch 7/10 loss: 1.5875343084335327 time: 1537.602543592453
Epoch 3 batch 8/10 loss: 1.4303704500198364 time: 1537.0403952598572
Epoch 3 batch 9/10 loss: 1.3856526613235474 time: 1539.2538049221039
Epoch 3 batch 10/10 loss: 1.8492168188095093 time: 1537.9841647148132
Epoch 3 train loss: 1.5097389817237854, train time: 15393.49924492836
Epoch 3 checkpoint saved
Epoch Total time: 15394.29494690895
=====================================================
Epoch 4 batch 1/10 loss: 1.5115747451782227 time: 1536.5578434467316
Epoch 4 batch 2/10 loss: 1.4005484580993652 time: 1545.7182593345642
Epoch 4 batch 3/10 loss: 1.273893117904663 time: 1540.1142795085907
Epoch 4 batch 4/10 loss: 1.1223187446594238 time: 1544.2462151050568
Epoch 4 batch 5/10 loss: 1.5749417543411255 time: 1539.9775087833405
Epoch 4 batch 6/10 loss: 1.4670300483703613 time: 1775.855115890503
Epoch 4 batch 7/10 loss: 1.5966064929962158 time: 1548.235330581665
Epoch 4 batch 8/10 loss: 1.4871842861175537 time: 1542.433533668518
Epoch 4 batch 9/10 loss: 1.715774655342102 time: 1544.5814213752747
Epoch 4 batch 10/10 loss: 1.6078132390975952 time: 1537.458336353302
Epoch 4 train loss: 1.4757685542106629, train time: 15655.879888296127
Epoch 4 checkpoint saved
Epoch 4 val loss: 1.6088931560516357, train + val time: 17176.15146446228
Epoch Total time: 17176.151475429535
=====================================================
slurmstepd: error: *** JOB 4283860 ON nid002485 CANCELLED AT 2023-09-03T22:40:24 DUE TO TIME LIMIT ***
