
srun: Warning: can't run 1 processes on 2 nodes, setting nnodes to 1

libgomp: Invalid value for environment variable OMP_NUM_THREADS

libgomp: Invalid value for environment variable OMP_NUM_THREADS
256
Training with 200 data, testing with 100 data, for 50 epochs...
Rep 0, Training with 200 data, Training at Epoch 1, train acc 0.245, train cost 1.3713, test acc 0.23, test cost 1.3779, avg epoch time 10148.3619, total time 10148.3619
Rep 0, Training with 200 data, Training at Epoch 2, train acc 0.22, train cost 1.3918, test acc 0.17, test cost 1.3916, avg epoch time 5512.7249, total time 11025.4499
Rep 0, Training with 200 data, Training at Epoch 3, train acc 0.255, train cost 1.385, test acc 0.24, test cost 1.3909, avg epoch time 3959.7109, total time 11879.1326
Rep 0, Training with 200 data, Training at Epoch 4, train acc 0.38, train cost 1.3689, test acc 0.38, test cost 1.3749, avg epoch time 3189.4776, total time 12757.9105
Rep 0, Training with 200 data, Training at Epoch 5, train acc 0.41, train cost 1.3681, test acc 0.47, test cost 1.365, avg epoch time 2731.788, total time 13658.9398
Rep 0, Training with 200 data, Training at Epoch 6, train acc 0.13, train cost 1.4096, test acc 0.21, test cost 1.3996, avg epoch time 2428.1052, total time 14568.6312
Rep 0, Training with 200 data, Training at Epoch 7, train acc 0.285, train cost 1.3833, test acc 0.38, test cost 1.3714, avg epoch time 2201.6245, total time 15411.3716
Rep 0, Training with 200 data, Training at Epoch 8, train acc 0.275, train cost 1.3846, test acc 0.3, test cost 1.3709, avg epoch time 2046.96, total time 16375.68
Rep 0, Training with 200 data, Training at Epoch 9, train acc 0.25, train cost 1.3768, test acc 0.28, test cost 1.368, avg epoch time 1913.3723, total time 17220.3508
Rep 0, Training with 200 data, Training at Epoch 10, train acc 0.255, train cost 1.3777, test acc 0.33, test cost 1.3668, avg epoch time 1817.2319, total time 18172.3194
Rep 0, Training with 200 data, Training at Epoch 11, train acc 0.275, train cost 1.3767, test acc 0.34, test cost 1.3739, avg epoch time 1739.3027, total time 19132.3296
Rep 0, Training with 200 data, Training at Epoch 12, train acc 0.275, train cost 1.3774, test acc 0.39, test cost 1.3748, avg epoch time 1670.3495, total time 20044.1941
Rep 0, Training with 200 data, Training at Epoch 13, train acc 0.405, train cost 1.3739, test acc 0.38, test cost 1.3741, avg epoch time 1606.6451, total time 20886.3865
Rep 0, Training with 200 data, Training at Epoch 14, train acc 0.355, train cost 1.3707, test acc 0.33, test cost 1.3691, avg epoch time 1556.4492, total time 21790.2884
Rep 0, Training with 200 data, Training at Epoch 15, train acc 0.34, train cost 1.372, test acc 0.28, test cost 1.3744, avg epoch time 1512.7873, total time 22691.8088
Rep 0, Training with 200 data, Training at Epoch 16, train acc 0.34, train cost 1.3673, test acc 0.36, test cost 1.3696, avg epoch time 1473.5191, total time 23576.3062
Rep 0, Training with 200 data, Training at Epoch 17, train acc 0.385, train cost 1.3689, test acc 0.4, test cost 1.3665, avg epoch time 1438.3013, total time 24451.1227
Rep 0, Training with 200 data, Training at Epoch 18, train acc 0.445, train cost 1.3682, test acc 0.3, test cost 1.3819, avg epoch time 1410.8774, total time 25395.7936
Rep 0, Training with 200 data, Training at Epoch 19, train acc 0.445, train cost 1.3678, test acc 0.35, test cost 1.3828, avg epoch time 1381.1013, total time 26240.9256
Rep 0, Training with 200 data, Training at Epoch 20, train acc 0.465, train cost 1.3593, test acc 0.32, test cost 1.3721, avg epoch time 1359.1555, total time 27183.1101
Rep 0, Training with 200 data, Training at Epoch 21, train acc 0.475, train cost 1.3646, test acc 0.31, test cost 1.3756, avg epoch time 1336.9816, total time 28076.6127
Rep 0, Training with 200 data, Training at Epoch 22, train acc 0.525, train cost 1.3626, test acc 0.37, test cost 1.3771, avg epoch time 1318.1648, total time 28999.6261
Rep 0, Training with 200 data, Training at Epoch 23, train acc 0.53, train cost 1.3628, test acc 0.3, test cost 1.3751, avg epoch time 1297.4157, total time 29840.5621
Rep 0, Training with 200 data, Training at Epoch 24, train acc 0.51, train cost 1.3594, test acc 0.37, test cost 1.3724, avg epoch time 1280.3722, total time 30728.9334
Rep 0, Training with 200 data, Training at Epoch 25, train acc 0.54, train cost 1.3607, test acc 0.4, test cost 1.3726, avg epoch time 1263.0203, total time 31575.5077
Rep 0, Training with 200 data, Training at Epoch 26, train acc 0.5, train cost 1.3608, test acc 0.42, test cost 1.37, avg epoch time 1247.7943, total time 32442.6519
Rep 0, Training with 200 data, Training at Epoch 27, train acc 0.5, train cost 1.3488, test acc 0.48, test cost 1.3562, avg epoch time 1232.9908, total time 33290.7515
Rep 0, Training with 200 data, Training at Epoch 28, train acc 0.52, train cost 1.3487, test acc 0.45, test cost 1.3594, avg epoch time 1219.246, total time 34138.8883
Rep 0, Training with 200 data, Training at Epoch 29, train acc 0.51, train cost 1.3496, test acc 0.52, test cost 1.3535, avg epoch time 1206.238, total time 34980.9007
Rep 0, Training with 200 data, Training at Epoch 30, train acc 0.535, train cost 1.3514, test acc 0.47, test cost 1.3557, avg epoch time 1194.0275, total time 35820.826
Rep 0, Training with 200 data, Training at Epoch 31, train acc 0.495, train cost 1.3493, test acc 0.36, test cost 1.3636, avg epoch time 1184.7957, total time 36728.6673
Rep 0, Training with 200 data, Training at Epoch 32, train acc 0.475, train cost 1.3504, test acc 0.42, test cost 1.362, avg epoch time 1175.6039, total time 37619.3263
Rep 0, Training with 200 data, Training at Epoch 33, train acc 0.465, train cost 1.3432, test acc 0.38, test cost 1.3624, avg epoch time 1165.8025, total time 38471.4824
Rep 0, Training with 200 data, Training at Epoch 34, train acc 0.475, train cost 1.3454, test acc 0.36, test cost 1.3651, avg epoch time 1157.1019, total time 39341.4638
Rep 0, Training with 200 data, Training at Epoch 35, train acc 0.58, train cost 1.3333, test acc 0.44, test cost 1.3535, avg epoch time 1148.0586, total time 40182.0498
Rep 0, Training with 200 data, Training at Epoch 36, train acc 0.615, train cost 1.3266, test acc 0.51, test cost 1.3498, avg epoch time 1139.6752, total time 41028.3066
Rep 0, Training with 200 data, Training at Epoch 37, train acc 0.565, train cost 1.3265, test acc 0.39, test cost 1.3511, avg epoch time 1132.7327, total time 41911.1103
Rep 0, Training with 200 data, Training at Epoch 38, train acc 0.545, train cost 1.3233, test acc 0.4, test cost 1.3513, avg epoch time 1127.2257, total time 42834.5764
Rep 0, Training with 200 data, Training at Epoch 39, train acc 0.55, train cost 1.3263, test acc 0.44, test cost 1.3472, avg epoch time 1120.5899, total time 43703.0067
Rep 0, Training with 200 data, Training at Epoch 40, train acc 0.595, train cost 1.3254, test acc 0.41, test cost 1.3504, avg epoch time 1113.5695, total time 44542.7799
Rep 0, Training with 200 data, Training at Epoch 41, train acc 0.595, train cost 1.3263, test acc 0.41, test cost 1.3534, avg epoch time 1107.8044, total time 45419.9815
Rep 0, Training with 200 data, Training at Epoch 42, train acc 0.615, train cost 1.3264, test acc 0.42, test cost 1.3503, avg epoch time 1102.2599, total time 46294.9153
Rep 0, Training with 200 data, Training at Epoch 43, train acc 0.585, train cost 1.3229, test acc 0.47, test cost 1.349, avg epoch time 1097.7799, total time 47204.5352
Rep 0, Training with 200 data, Training at Epoch 44, train acc 0.62, train cost 1.3248, test acc 0.45, test cost 1.349, avg epoch time 1092.9332, total time 48089.0625
Rep 0, Training with 200 data, Training at Epoch 45, train acc 0.625, train cost 1.3205, test acc 0.48, test cost 1.3429, avg epoch time 1087.3013, total time 48928.5606
Rep 0, Training with 200 data, Training at Epoch 46, train acc 0.63, train cost 1.3225, test acc 0.43, test cost 1.3459, avg epoch time 1082.4987, total time 49794.9405
Rep 0, Training with 200 data, Training at Epoch 47, train acc 0.61, train cost 1.319, test acc 0.43, test cost 1.3451, avg epoch time 1077.9094, total time 50661.744
Rep 0, Training with 200 data, Training at Epoch 48, train acc 0.615, train cost 1.3222, test acc 0.46, test cost 1.3507, avg epoch time 1075.0148, total time 51600.7126
Rep 0, Training with 200 data, Training at Epoch 49, train acc 0.555, train cost 1.3319, test acc 0.43, test cost 1.3534, avg epoch time 1070.2167, total time 52440.6175
Rep 0, Training with 200 data, Training at Epoch 50, train acc 0.61, train cost 1.326, test acc 0.47, test cost 1.3453, avg epoch time 1067.1503, total time 53357.5145
